zXing/build/outputs/logs/manifest-merger-debug-report.txt
-- Merging decision tree log ---
manifest
ADDED from src\main\AndroidManifest.xml:16:1-183:12
INJECTED from src\main\AndroidManifest.xml:16:1-183:12
INJECTED from src\main\AndroidManifest.xml:16:1-183:12
INJECTED from src\main\AndroidManifest.xml:16:1-183:12
INJECTED from src\main\AndroidManifest.xml:16:1-183:12
INJECTED from src\main\AndroidManifest.xml:16:1-183:12
INJECTED from src\main\AndroidManifest.xml:16:1-183:12
	package
		ADDED from src\main\AndroidManifest.xml:17:5-46
		INJECTED from src\main\AndroidManifest.xml
		INJECTED from src\main\AndroidManifest.xml
	android:versionName
		ADDED from src\main\AndroidManifest.xml:20:5-32
		INJECTED from src\main\AndroidManifest.xml
		INJECTED from src\main\AndroidManifest.xml
	xmlns:android
		ADDED from src\main\AndroidManifest.xml:16:11-69
	android:versionCode
		ADDED from src\main\AndroidManifest.xml:19:5-30
		INJECTED from src\main\AndroidManifest.xml
		INJECTED from src\main\AndroidManifest.xml
	android:installLocation
		ADDED from src\main\AndroidManifest.xml:18:5-35
uses-permission#android.permission.CAMERA
ADDED from src\main\AndroidManifest.xml:22:5-65
	android:name
		ADDED from src\main\AndroidManifest.xml:22:22-62
uses-permission#android.permission.INTERNET
ADDED from src\main\AndroidManifest.xml:23:5-67
	android:name
		ADDED from src\main\AndroidManifest.xml:23:22-64
uses-permission#android.permission.VIBRATE
ADDED from src\main\AndroidManifest.xml:25:5-66
	android:name
		ADDED from src\main\AndroidManifest.xml:25:22-63
uses-permission#android.permission.FLASHLIGHT
ADDED from src\main\AndroidManifest.xml:27:5-69
	android:name
		ADDED from src\main\AndroidManifest.xml:27:22-66
uses-permission#android.permission.READ_CONTACTS
ADDED from src\main\AndroidManifest.xml:28:5-72
	android:name
		ADDED from src\main\AndroidManifest.xml:28:22-69
uses-permission#com.android.browser.permission.READ_HISTORY_BOOKMARKS
ADDED from src\main\AndroidManifest.xml:30:5-93
	android:name
		ADDED from src\main\AndroidManifest.xml:30:22-90
uses-permission#android.permission.WRITE_EXTERNAL_STORAGE
ADDED from src\main\AndroidManifest.xml:31:5-81
	android:name
		ADDED from src\main\AndroidManifest.xml:31:22-78
uses-permission#android.permission.CHANGE_WIFI_STATE
ADDED from src\main\AndroidManifest.xml:32:5-76
	android:name
		ADDED from src\main\AndroidManifest.xml:32:22-73
uses-permission#android.permission.ACCESS_WIFI_STATE
ADDED from src\main\AndroidManifest.xml:33:5-76
	android:name
		ADDED from src\main\AndroidManifest.xml:33:22-73
uses-sdk
ADDED from src\main\AndroidManifest.xml:35:5-37:41
INJECTED from src\main\AndroidManifest.xml:35:5-37:41
INJECTED from src\main\AndroidManifest.xml:35:5-37:41
INJECTED from src\main\AndroidManifest.xml:35:5-37:41
INJECTED from src\main\AndroidManifest.xml:35:5-37:41
	android:targetSdkVersion
		ADDED from src\main\AndroidManifest.xml:37:9-38
		INJECTED from src\main\AndroidManifest.xml
		INJECTED from src\main\AndroidManifest.xml
	android:minSdkVersion
		ADDED from src\main\AndroidManifest.xml:36:9-35
		INJECTED from src\main\AndroidManifest.xml
		INJECTED from src\main\AndroidManifest.xml
uses-feature#android.hardware.camera.any
ADDED from src\main\AndroidManifest.xml:39:5-64
	android:name
		ADDED from src\main\AndroidManifest.xml:39:19-61
uses-feature#android.hardware.camera.autofocus
ADDED from src\main\AndroidManifest.xml:40:5-42:36
	android:required
		ADDED from src\main\AndroidManifest.xml:42:9-33
	android:name
		ADDED from src\main\AndroidManifest.xml:41:9-57
uses-feature#android.hardware.camera.flash
ADDED from src\main\AndroidManifest.xml:43:5-45:36
	android:required
		ADDED from src\main\AndroidManifest.xml:45:9-33
	android:name
		ADDED from src\main\AndroidManifest.xml:44:9-53
uses-feature#android.hardware.screen.landscape
ADDED from src\main\AndroidManifest.xml:46:5-70
	android:name
		ADDED from src\main\AndroidManifest.xml:46:19-67
uses-feature#android.hardware.wifi
ADDED from src\main\AndroidManifest.xml:47:5-49:36
	android:required
		ADDED from src\main\AndroidManifest.xml:49:9-33
	android:name
		ADDED from src\main\AndroidManifest.xml:48:9-45
application
ADDED from src\main\AndroidManifest.xml:51:5-181:19
	android:label
		ADDED from src\main\AndroidManifest.xml:54:9-41
	android:icon
		ADDED from src\main\AndroidManifest.xml:53:9-47
	android:allowBackup
		ADDED from src\main\AndroidManifest.xml:52:9-35
	android:logo
		ADDED from src\main\AndroidManifest.xml:55:9-47
activity#com.google.zxing.client.android.CaptureActivity
ADDED from src\main\AndroidManifest.xml:57:9-120:20
	android:screenOrientation
		ADDED from src\main\AndroidManifest.xml:60:13-56
	android:clearTaskOnLaunch
		ADDED from src\main\AndroidManifest.xml:59:13-45
	android:stateNotNeeded
		ADDED from src\main\AndroidManifest.xml:61:13-42
	android:windowSoftInputMode
		ADDED from src\main\AndroidManifest.xml:63:13-60
	android:theme
		ADDED from src\main\AndroidManifest.xml:62:13-48
	android:name
		ADDED from src\main\AndroidManifest.xml:58:13-44
intent-filter#action:name:android.intent.action.MAIN+category:name:android.intent.category.LAUNCHER
ADDED from src\main\AndroidManifest.xml:64:13-67:29
action#android.intent.action.MAIN
ADDED from src\main\AndroidManifest.xml:65:17-69
	android:name
		ADDED from src\main\AndroidManifest.xml:65:25-66
category#android.intent.category.LAUNCHER
ADDED from src\main\AndroidManifest.xml:66:17-77
	android:name
		ADDED from src\main\AndroidManifest.xml:66:27-74
intent-filter#action:name:com.google.zxing.client.android.SCAN+category:name:android.intent.category.DEFAULT
ADDED from src\main\AndroidManifest.xml:68:13-71:29
action#com.google.zxing.client.android.SCAN
ADDED from src\main\AndroidManifest.xml:69:17-79
	android:name
		ADDED from src\main\AndroidManifest.xml:69:25-76
category#android.intent.category.DEFAULT
ADDED from src\main\AndroidManifest.xml:70:17-76
	android:name
		ADDED from src\main\AndroidManifest.xml:70:27-73
intent-filter#action:name:android.intent.action.VIEW+category:name:android.intent.category.BROWSABLE+category:name:android.intent.category.DEFAULT+data:host:zxing.appspot.com+data:path:/scan+data:scheme:http
ADDED from src\main\AndroidManifest.xml:73:13-83:29
action#android.intent.action.VIEW
ADDED from src\main\AndroidManifest.xml:74:17-69
	android:name
		ADDED from src\main\AndroidManifest.xml:74:25-66
category#android.intent.category.BROWSABLE
ADDED from src\main\AndroidManifest.xml:77:17-78
	android:name
		ADDED from src\main\AndroidManifest.xml:77:27-75
data
ADDED from src\main\AndroidManifest.xml:79:17-82:45
	android:path
		ADDED from src\main\AndroidManifest.xml:81:21-41
	android:host
		ADDED from src\main\AndroidManifest.xml:80:21-53
	android:scheme
		ADDED from src\main\AndroidManifest.xml:82:21-42
	android:mimeType
		ADDED from src\main\AndroidManifest.xml:136:23-54
intent-filter#action:name:android.intent.action.VIEW+category:name:android.intent.category.BROWSABLE+category:name:android.intent.category.DEFAULT+data:host:www.google.com+data:path:/m/products/scan+data:scheme:http
ADDED from src\main\AndroidManifest.xml:85:13-95:29
intent-filter#action:name:android.intent.action.VIEW+category:name:android.intent.category.BROWSABLE+category:name:android.intent.category.DEFAULT+data:host:www.google.co.uk+data:path:/m/products/scan+data:scheme:http
ADDED from src\main\AndroidManifest.xml:97:13-107:29
intent-filter#action:name:android.intent.action.VIEW+category:name:android.intent.category.BROWSABLE+category:name:android.intent.category.DEFAULT+data:host:scan+data:path:/+data:scheme:zxing
ADDED from src\main\AndroidManifest.xml:109:13-119:29
activity#com.google.zxing.client.android.PreferencesActivity
ADDED from src\main\AndroidManifest.xml:121:9-124:45
	android:stateNotNeeded
		ADDED from src\main\AndroidManifest.xml:124:13-42
	android:label
		ADDED from src\main\AndroidManifest.xml:123:13-53
	android:name
		ADDED from src\main\AndroidManifest.xml:122:13-48
activity#com.google.zxing.client.android.encode.EncodeActivity
ADDED from src\main\AndroidManifest.xml:125:9-144:20
	android:stateNotNeeded
		ADDED from src\main\AndroidManifest.xml:127:13-42
	android:name
		ADDED from src\main\AndroidManifest.xml:126:13-50
intent-filter#action:name:com.google.zxing.client.android.ENCODE+category:name:android.intent.category.DEFAULT
ADDED from src\main\AndroidManifest.xml:128:13-131:29
action#com.google.zxing.client.android.ENCODE
ADDED from src\main\AndroidManifest.xml:129:17-81
	android:name
		ADDED from src\main\AndroidManifest.xml:129:25-78
intent-filter#action:name:android.intent.action.SEND+category:name:android.intent.category.DEFAULT+data:mimeType:text/x-vcard
ADDED from src\main\AndroidManifest.xml:133:13-137:29
action#android.intent.action.SEND
ADDED from src\main\AndroidManifest.xml:134:17-69
	android:name
		ADDED from src\main\AndroidManifest.xml:134:25-66
intent-filter#action:name:android.intent.action.SEND+category:name:android.intent.category.DEFAULT+data:mimeType:text/plain
ADDED from src\main\AndroidManifest.xml:139:13-143:29
activity#com.google.zxing.client.android.book.SearchBookContentsActivity
ADDED from src\main\AndroidManifest.xml:145:9-154:20
	android:screenOrientation
		ADDED from src\main\AndroidManifest.xml:148:13-56
	android:stateNotNeeded
		ADDED from src\main\AndroidManifest.xml:149:13-42
	android:label
		ADDED from src\main\AndroidManifest.xml:147:13-45
	android:name
		ADDED from src\main\AndroidManifest.xml:146:13-60
intent-filter#action:name:com.google.zxing.client.android.SEARCH_BOOK_CONTENTS+category:name:android.intent.category.DEFAULT
ADDED from src\main\AndroidManifest.xml:150:13-153:29
action#com.google.zxing.client.android.SEARCH_BOOK_CONTENTS
ADDED from src\main\AndroidManifest.xml:151:17-95
	android:name
		ADDED from src\main\AndroidManifest.xml:151:25-92
activity#com.google.zxing.client.android.share.ShareActivity
ADDED from src\main\AndroidManifest.xml:155:9-163:20
	android:screenOrientation
		ADDED from src\main\AndroidManifest.xml:157:13-45
	android:stateNotNeeded
		ADDED from src\main\AndroidManifest.xml:158:13-42
	android:name
		ADDED from src\main\AndroidManifest.xml:156:13-48
intent-filter#action:name:com.google.zxing.client.android.SHARE+category:name:android.intent.category.DEFAULT
ADDED from src\main\AndroidManifest.xml:159:13-162:29
action#com.google.zxing.client.android.SHARE
ADDED from src\main\AndroidManifest.xml:160:17-80
	android:name
		ADDED from src\main\AndroidManifest.xml:160:25-77
activity#com.google.zxing.client.android.history.HistoryActivity
ADDED from src\main\AndroidManifest.xml:164:9-167:45
	android:stateNotNeeded
		ADDED from src\main\AndroidManifest.xml:167:13-42
	android:label
		ADDED from src\main\AndroidManifest.xml:166:13-50
	android:name
		ADDED from src\main\AndroidManifest.xml:165:13-52
activity#com.google.zxing.client.android.share.BookmarkPickerActivity
ADDED from src\main\AndroidManifest.xml:168:9-171:45
	android:stateNotNeeded
		ADDED from src\main\AndroidManifest.xml:171:13-42
	android:label
		ADDED from src\main\AndroidManifest.xml:170:13-57
	android:name
		ADDED from src\main\AndroidManifest.xml:169:13-57
activity#com.google.zxing.client.android.share.AppPickerActivity
ADDED from src\main\AndroidManifest.xml:172:9-175:45
	android:stateNotNeeded
		ADDED from src\main\AndroidManifest.xml:175:13-42
	android:label
		ADDED from src\main\AndroidManifest.xml:174:13-52
	android:name
		ADDED from src\main\AndroidManifest.xml:173:13-52
activity#com.google.zxing.client.android.HelpActivity
ADDED from src\main\AndroidManifest.xml:176:9-180:45
	android:screenOrientation
		ADDED from src\main\AndroidManifest.xml:179:13-45
	android:stateNotNeeded
		ADDED from src\main\AndroidManifest.xml:180:13-42
	android:label
		ADDED from src\main\AndroidManifest.xml:178:13-46
	android:name
		ADDED from src\main\AndroidManifest.xml:177:13-41